<?xml version="1.0" encoding="UTF-8"?>
<testng-results ignored="0" total="1" passed="1" failed="0" skipped="0">
  <reporter-output>
  </reporter-output>
  <suite started-at="2022-06-28T20:54:43 IST" name="Default suite" finished-at="2022-06-28T20:55:30 IST" duration-ms="47679">
    <groups>
    </groups>
    <test started-at="2022-06-28T20:54:43 IST" name="Default test" finished-at="2022-06-28T20:55:30 IST" duration-ms="47679">
      <class name="tests.BookAppointment">
        <test-method signature="createAndVerifyAppointment()[pri:0, instance:tests.BookAppointment@1df82230]" started-at="2022-06-28T20:54:43 IST" name="createAndVerifyAppointment" finished-at="2022-06-28T20:55:30 IST" duration-ms="47632" status="PASS">
          <reporter-output>
          </reporter-output>
        </test-method> <!-- createAndVerifyAppointment -->
      </class> <!-- tests.BookAppointment -->
    </test> <!-- Default test -->
  </suite> <!-- Default suite -->
</testng-results>
