<?xml version="1.0" encoding="UTF-8"?>
<testng-results ignored="0" total="1" passed="1" failed="0" skipped="0">
  <reporter-output>
  </reporter-output>
  <suite started-at="2022-06-29T14:44:37 IST" name="Default suite" finished-at="2022-06-29T14:45:50 IST" duration-ms="72866">
    <groups>
    </groups>
    <test started-at="2022-06-29T14:44:37 IST" name="Default test" finished-at="2022-06-29T14:45:50 IST" duration-ms="72866">
      <class name="tests.AddEmpCalendar">
        <test-method signature="EndToEnd()[pri:0, instance:tests.AddEmpCalendar@27c86f2d]" started-at="2022-06-29T14:44:37 IST" name="EndToEnd" finished-at="2022-06-29T14:45:50 IST" duration-ms="72817" status="PASS">
          <reporter-output>
          </reporter-output>
        </test-method> <!-- EndToEnd -->
      </class> <!-- tests.AddEmpCalendar -->
    </test> <!-- Default test -->
  </suite> <!-- Default suite -->
</testng-results>
